<?xml version="1.0" encoding="utf-8"?><testsuites><testsuite name="pytest" errors="0" failures="0" skipped="0" tests="12" time="125.246" timestamp="2025-06-09T03:26:04.152914+05:30" hostname="paupau"><testcase classname="tests.test_01_app_startup" name="test_correct_app_running" time="36.721" /><testcase classname="tests.test_01_app_startup" name="test_app_launch" time="0.806" /><testcase classname="tests.test_02_main_tab" name="test_main_tabs_present" time="3.461" /><testcase classname="tests.test_03_change_language" name="test_change_language_to_english" time="2.380" /><testcase classname="tests.test_04_text_presence_before_login" name="test_home_screen_texts_present" time="7.467" /><testcase classname="tests.test_04_text_presence_before_login" name="test_login_screen_elements" time="2.149" /><testcase classname="tests.test_04_text_presence_before_login" name="test_profile_screen_texts" time="3.718" /><testcase classname="tests.test_04_text_presence_before_login" name="test_join_session_text" time="3.256" /><testcase classname="tests.test_04_text_presence_before_login" name="test_login_screen_texts" time="10.841" /><testcase classname="tests.test_04_text_presence_before_login" name="test_click_login_to_account_from_profile" time="7.476" /><testcase classname="tests.test_05_join_session" name="test_join_session_flow_incorrect_session_id" time="14.446" /><testcase classname="tests.test_06_login" name="test_login_but_use_as_a_guest" time="22.311" /><testcase time="0.000" /></testsuite></testsuites>